<?xml version="1.0" encoding="UTF-8"?>
<!-- Generated by org.testng.reporters.JUnitReportReporter -->
<testsuite skipped="0" hostname="SHREE" name="com.test.Execute" tests="1" failures="0" timestamp="11 Mar 2020 13:31:23 GMT" time="82.351" errors="0">
  <testcase name="excecutr1" time="82.351" classname="com.test.Execute"/>
</testsuite> <!-- com.test.Execute -->
